<?xml version="1.0" encoding="UTF-8"?><testrun name="TestRunner" project="MetaweatherAPI" tests="16" started="16" failures="2" errors="0" ignored="0">
  <testsuite name="runners.TestRunner" time="5.688">
    <testsuite name="Feature: Tests for Metaweather API" time="5.688">
      <testsuite name="Scenario Outline: Testing Location API" time="4.223">
        <testsuite name="Examples:" time="4.223">
          <testsuite name="| Valid woied | &quot;/44418&quot; | 200 | OK |" time="4.223">
            <testcase name="Given a rest api &quot;https://www.metaweather.com/api/location&quot;" classname="| Valid woied | &quot;/44418&quot; | 200 | OK |" time="3.274"/>
            <testcase name="When the system requests GET &quot;/44418&quot;" classname="| Valid woied | &quot;/44418&quot; | 200 | OK |" time="0.003"/>
            <testcase name="Then the response code is 200" classname="| Valid woied | &quot;/44418&quot; | 200 | OK |" time="0.002"/>
            <testcase name="And the response status is &quot;OK&quot;" classname="| Valid woied | &quot;/44418&quot; | 200 | OK |" time="0.657"/>
            <testcase name="And the response body contains a 5 forecast" classname="| Valid woied | &quot;/44418&quot; | 200 | OK |" time="0.286"/>
            <testcase name="And the response body contains &lt;field&gt; &lt;Value&gt;" classname="| Valid woied | &quot;/44418&quot; | 200 | OK |" time="0.001"/>
          </testsuite>
        </testsuite>
      </testsuite>
      <testsuite name="Scenario Outline: Negative test for Location API" time="0.809">
        <testsuite name="Examples:" time="0.809">
          <testsuite name="| Invalid woeid | &quot;/4441&quot; | 404 | Not Found |" time="0.809">
            <testcase name="Given a rest api &quot;https://www.metaweather.com/api/location&quot;" classname="| Invalid woeid | &quot;/4441&quot; | 404 | Not Found |" time="0.765"/>
            <testcase name="When the system requests GET &quot;/4441&quot;" classname="| Invalid woeid | &quot;/4441&quot; | 404 | Not Found |" time="0.001"/>
            <testcase name="Then the response code is 404" classname="| Invalid woeid | &quot;/4441&quot; | 404 | Not Found |" time="0.001"/>
            <testcase name="And the response status is &quot;Not Found&quot;" classname="| Invalid woeid | &quot;/4441&quot; | 404 | Not Found |" time="0.04"/>
            <testcase name="And the response body contains &lt;field&gt; &lt;Value&gt;" classname="| Invalid woeid | &quot;/4441&quot; | 404 | Not Found |" time="0.002"/>
          </testsuite>
        </testsuite>
      </testsuite>
      <testsuite name="Scenario Outline: Testing Location Search API" time="0.65">
        <testsuite name="Examples:" time="0.65">
          <testsuite name="| Valid location | &quot;/search/?query=london&quot; | 200 | OK |" time="0.65" incomplete="true">
            <failure>java.lang.AssertionError: The following asserts failed:
	expected ["London"] but found [[London]],
	expected ["City"] but found [[City]],
	expected ["44418"] but found [[44418]]&#13;
	at org.testng.asserts.SoftAssert.assertAll(SoftAssert.java:43)&#13;
	at gluecode.StepDefinition.the_response_body_contains_field_Value(StepDefinition.java:87)&#13;
	at ✽.And the response body contains &lt;field&gt; &lt;Value&gt;(MetaweatherApi.feature:44)&#13;
&#13;
</failure>
            <testcase name="Given a rest api &quot;https://www.metaweather.com/api/location&quot;" classname="| Valid location | &quot;/search/?query=london&quot; | 200 | OK |" time="0.584"/>
            <testcase name="When the system requests GET &quot;/search/?query=london&quot;" classname="| Valid location | &quot;/search/?query=london&quot; | 200 | OK |" time="0.0"/>
            <testcase name="Then the response code is 200" classname="| Valid location | &quot;/search/?query=london&quot; | 200 | OK |" time="0.001"/>
            <testcase name="And the response status is &quot;OK&quot;" classname="| Valid location | &quot;/search/?query=london&quot; | 200 | OK |" time="0.062"/>
            <testcase name="And the response body contains &lt;field&gt; &lt;Value&gt;" classname="| Valid location | &quot;/search/?query=london&quot; | 200 | OK |" time="0.003">
              <failure>java.lang.AssertionError: The following asserts failed:
	expected ["London"] but found [[London]],
	expected ["City"] but found [[City]],
	expected ["44418"] but found [[44418]]&#13;
	at org.testng.asserts.SoftAssert.assertAll(SoftAssert.java:43)&#13;
	at gluecode.StepDefinition.the_response_body_contains_field_Value(StepDefinition.java:87)&#13;
	at ✽.And the response body contains &lt;field&gt; &lt;Value&gt;(MetaweatherApi.feature:44)&#13;
&#13;
</failure>
            </testcase>
          </testsuite>
        </testsuite>
      </testsuite>
    </testsuite>
  </testsuite>
</testrun>
